0 info it worked if it ends with ok
1 verbose cli [ '/usr/bin/nodejs', '/usr/bin/npm', 'start' ]
2 info using npm@3.5.2
3 info using node@v4.2.6
4 verbose run-script [ 'prestart', 'start', 'poststart' ]
5 info lifecycle startbootstrap-sb-admin-2@4.0.7~prestart: startbootstrap-sb-admin-2@4.0.7
6 silly lifecycle startbootstrap-sb-admin-2@4.0.7~prestart: no script for prestart, continuing
7 info lifecycle startbootstrap-sb-admin-2@4.0.7~start: startbootstrap-sb-admin-2@4.0.7
8 verbose lifecycle startbootstrap-sb-admin-2@4.0.7~start: unsafe-perm in lifecycle true
9 verbose lifecycle startbootstrap-sb-admin-2@4.0.7~start: PATH: /usr/share/npm/bin/node-gyp-bin:/home/dara/Documents/consul/SB-Admin/node_modules/.bin:/home/dara/bin:/home/dara/.local/bin:/home/dara/anaconda2/bin:/home/dara/anaconda2/condabin:/opt/ros/kinetic/bin:/home/dara/bin:/home/dara/.local/bin:/usr/local/sbin:/usr/local/bin:/usr/sbin:/usr/bin:/sbin:/bin:/usr/games:/usr/local/games:/snap/bin
10 verbose lifecycle startbootstrap-sb-admin-2@4.0.7~start: CWD: /home/dara/Documents/consul/SB-Admin
11 silly lifecycle startbootstrap-sb-admin-2@4.0.7~start: Args: [ '-c', 'gulp watch' ]
12 info lifecycle startbootstrap-sb-admin-2@4.0.7~start: Failed to exec start script
13 verbose stack Error: startbootstrap-sb-admin-2@4.0.7 start: `gulp watch`
13 verbose stack spawn ENOENT
13 verbose stack     at ChildProcess.<anonymous> (/usr/share/npm/lib/utils/spawn.js:17:16)
13 verbose stack     at emitTwo (events.js:87:13)
13 verbose stack     at ChildProcess.emit (events.js:172:7)
13 verbose stack     at maybeClose (internal/child_process.js:821:16)
13 verbose stack     at Process.ChildProcess._handle.onexit (internal/child_process.js:211:5)
14 verbose pkgid startbootstrap-sb-admin-2@4.0.7
15 verbose cwd /home/dara/Documents/consul/SB-Admin
16 error Linux 4.15.0-96-generic
17 error argv "/usr/bin/nodejs" "/usr/bin/npm" "start"
18 error node v4.2.6
19 error npm  v3.5.2
20 error file sh
21 error code ELIFECYCLE
22 error errno ENOENT
23 error syscall spawn
24 error startbootstrap-sb-admin-2@4.0.7 start: `gulp watch`
24 error spawn ENOENT
25 error Failed at the startbootstrap-sb-admin-2@4.0.7 start script 'gulp watch'.
25 error Make sure you have the latest version of node.js and npm installed.
25 error If you do, this is most likely a problem with the startbootstrap-sb-admin-2 package,
25 error not with npm itself.
25 error Tell the author that this fails on your system:
25 error     gulp watch
25 error You can get information on how to open an issue for this project with:
25 error     npm bugs startbootstrap-sb-admin-2
25 error Or if that isn't available, you can get their info via:
25 error     npm owner ls startbootstrap-sb-admin-2
25 error There is likely additional logging output above.
26 verbose exit [ 1, true ]
